# JRE version: Java(TM) SE Runtime Environment (12.0.2+10) (build 12.0.2+10)
# Java VM: Java HotSpot(TM) 64-Bit Server VM (12.0.2+10, mixed mode, sharing, tiered, compressed oops, g1 gc, windows-amd64)
Heap:
 garbage-first heap   total 138240K, used 84553K [0x00000000c2800000, 0x0000000100000000)
  region size 1024K, 5 young (5120K), 3 survivors (3072K)
 Metaspace       used 28365K, capacity 29661K, committed 29872K, reserved 1075200K
  class space    used 3718K, capacity 4246K, committed 4352K, reserved 1048576K
GC Heap History (10 events):
Event: 35.953 GC heap before
{Heap before GC invocations=24 (full 0):
 garbage-first heap   total 116736K, used 79350K [0x00000000c2800000, 0x0000000100000000)
  region size 1024K, 13 young (13312K), 3 survivors (3072K)
 Metaspace       used 20612K, capacity 21195K, committed 21296K, reserved 1067008K
  class space    used 2658K, capacity 2914K, committed 2944K, reserved 1048576K
}
Event: 35.966 GC heap after
{Heap after GC invocations=25 (full 0):
 garbage-first heap   total 116736K, used 71287K [0x00000000c2800000, 0x0000000100000000)
  region size 1024K, 2 young (2048K), 2 survivors (2048K)
 Metaspace       used 20612K, capacity 21195K, committed 21296K, reserved 1067008K
  class space    used 2658K, capacity 2914K, committed 2944K, reserved 1048576K
}
Event: 40.795 GC heap before
{Heap before GC invocations=26 (full 0):
 garbage-first heap   total 122880K, used 86647K [0x00000000c2800000, 0x0000000100000000)
  region size 1024K, 17 young (17408K), 2 survivors (2048K)
 Metaspace       used 24267K, capacity 25343K, committed 25520K, reserved 1071104K
  class space    used 3366K, capacity 3838K, committed 3840K, reserved 1048576K
}
Event: 40.807 GC heap after
{Heap after GC invocations=27 (full 0):
 garbage-first heap   total 122880K, used 73097K [0x00000000c2800000, 0x0000000100000000)
  region size 1024K, 3 young (3072K), 3 survivors (3072K)
 Metaspace       used 24267K, capacity 25343K, committed 25520K, reserved 1071104K
  class space    used 3366K, capacity 3838K, committed 3840K, reserved 1048576K
}
Event: 135.551 GC heap before
{Heap before GC invocations=27 (full 0):
 garbage-first heap   total 122880K, used 91529K [0x00000000c2800000, 0x0000000100000000)
  region size 1024K, 21 young (21504K), 3 survivors (3072K)
 Metaspace       used 26685K, capacity 27939K, committed 28208K, reserved 1073152K
  class space    used 3610K, capacity 4128K, committed 4224K, reserved 1048576K
}
Event: 135.584 GC heap after
{Heap after GC invocations=28 (full 0):
 garbage-first heap   total 122880K, used 77723K [0x00000000c2800000, 0x0000000100000000)
  region size 1024K, 3 young (3072K), 3 survivors (3072K)
 Metaspace       used 26685K, capacity 27939K, committed 28208K, reserved 1073152K
  class space    used 3610K, capacity 4128K, committed 4224K, reserved 1048576K
}
Event: 136.134 GC heap before
{Heap before GC invocations=29 (full 0):
 garbage-first heap   total 132096K, used 80795K [0x00000000c2800000, 0x0000000100000000)
  region size 1024K, 8 young (8192K), 3 survivors (3072K)
 Metaspace       used 27264K, capacity 28507K, committed 28720K, reserved 1073152K
  class space    used 3673K, capacity 4215K, committed 4224K, reserved 1048576K
}
Event: 136.154 GC heap after
{Heap after GC invocations=30 (full 0):
 garbage-first heap   total 132096K, used 79177K [0x00000000c2800000, 0x0000000100000000)
  region size 1024K, 1 young (1024K), 1 survivors (1024K)
 Metaspace       used 27264K, capacity 28507K, committed 28720K, reserved 1073152K
  class space    used 3673K, capacity 4215K, committed 4224K, reserved 1048576K
}
Event: 178.349 GC heap before
{Heap before GC invocations=31 (full 0):
 garbage-first heap   total 138240K, used 96585K [0x00000000c2800000, 0x0000000100000000)
  region size 1024K, 17 young (17408K), 1 survivors (1024K)
 Metaspace       used 28303K, capacity 29588K, committed 29872K, reserved 1075200K
  class space    used 3717K, capacity 4243K, committed 4352K, reserved 1048576K
}
Event: 178.362 GC heap after
{Heap after GC invocations=32 (full 0):
 garbage-first heap   total 138240K, used 83529K [0x00000000c2800000, 0x0000000100000000)
  region size 1024K, 3 young (3072K), 3 survivors (3072K)
 Metaspace       used 28303K, capacity 29588K, committed 29872K, reserved 1075200K
  class space    used 3717K, capacity 4243K, committed 4352K, reserved 1048576K
}

